
> my-app@0.1.0 build
> next build

Attention: Next.js now collects completely anonymous telemetry regarding usage.
This information is used to shape Next.js' roadmap and prioritize features.
You can learn more, including how to opt-out if you'd not like to participate in this anonymous program, by visiting the following URL:
https://nextjs.org/telemetry

info  - Linting and checking validity of types...
info  - Creating an optimized production build...
info  - Compiled successfully
info  - Collecting page data...
info  - Generating static pages (0/3)
info  - Generating static pages (3/3)
info  - Finalizing page optimization...

Route (pages)                              Size     First Load JS
┌ ○ / (681 ms)                             4.33 kB        77.5 kB
├   └ css/ae0e3e027412e072.css             707 B
├   /_app                                  0 B            73.2 kB
├ ○ /404                                   181 B          73.3 kB
└ λ /api/hello                             0 B            73.2 kB
+ First Load JS shared by all              73.4 kB
  ├ chunks/framework-8c5acb0054140387.js   45.4 kB
  ├ chunks/main-f2e125da23ccdc4a.js        26.7 kB
  ├ chunks/pages/_app-2398585b21d2d8c8.js  285 B
  ├ chunks/webpack-8fa1640cc84ba8fe.js     750 B
  └ css/ab44ce7add5c3d11.css               247 B

λ  (Server)  server-side renders at runtime (uses getInitialProps or getServerSideProps)
○  (Static)  automatically rendered as static HTML (uses no initial props)

